[Current date]:  20230922
Loading order info
  before load_order_info 一共占用73.56MB
There are 23 batches to save
	Saving batch 0 from 0 to 5000000
	Saving batch 1 from 5000000 to 10000000
	Saving batch 2 from 10000000 to 15000000
	Saving batch 3 from 15000000 to 20000000
	Saving batch 4 from 20000000 to 25000000
	Saving batch 5 from 25000000 to 30000000
	Saving batch 6 from 30000000 to 35000000
	Saving batch 7 from 35000000 to 40000000
	Saving batch 8 from 40000000 to 45000000
	Saving batch 9 from 45000000 to 50000000
	Saving batch 10 from 50000000 to 55000000
	Saving batch 11 from 55000000 to 60000000
	Saving batch 12 from 60000000 to 65000000
	Saving batch 13 from 65000000 to 70000000
	Saving batch 14 from 70000000 to 75000000
	Saving batch 15 from 75000000 to 80000000
	Saving batch 16 from 80000000 to 85000000
	Saving batch 17 from 85000000 to 90000000
	Saving batch 18 from 90000000 to 95000000
	Saving batch 19 from 95000000 to 100000000
	Saving batch 20 from 100000000 to 105000000
	Saving batch 21 from 105000000 to 110000000
	Saving batch 22 from 110000000 to 112316576
Loading trade info
  before load_trade_info 一共占用108.11MB
There are 18 batches to save
	Saving batch 0 from 0 to 5000000
	Saving batch 1 from 5000000 to 10000000
	Saving batch 2 from 10000000 to 15000000
	Saving batch 3 from 15000000 to 20000000
	Saving batch 4 from 20000000 to 25000000
	Saving batch 5 from 25000000 to 30000000
	Saving batch 6 from 30000000 to 35000000
	Saving batch 7 from 35000000 to 40000000
	Saving batch 8 from 40000000 to 45000000
	Saving batch 9 from 45000000 to 50000000
	Saving batch 10 from 50000000 to 55000000
	Saving batch 11 from 55000000 to 60000000
	Saving batch 12 from 60000000 to 65000000
	Saving batch 13 from 65000000 to 70000000
	Saving batch 14 from 70000000 to 75000000
	Saving batch 15 from 75000000 to 80000000
	Saving batch 16 from 80000000 to 85000000
	Saving batch 17 from 85000000 to 89512264
Loading snap info
  before load_snap_info 一共占用84.89MB
There are 5 batches to save
	Saving batch 0 from 0 to 5000000
	Saving batch 1 from 5000000 to 10000000
	Saving batch 2 from 10000000 to 15000000
	Saving batch 3 from 15000000 to 20000000
	Saving batch 4 from 20000000 to 20533871
[Current date]:  20230923
[Current date]:  20230924
[Current date]:  20230925
[Current date]:  20230926
[Current date]:  20230927
[Current date]:  20230928
[Current date]:  20230929
[Current date]:  20230930
[Current date]:  20231001
[Current date]:  20231002
[Current date]:  20231003
[Current date]:  20231004
[Current date]:  20231005
[Current date]:  20231006
[Current date]:  20231007
[Current date]:  20231008
[Current date]:  20231009
[Current date]:  20231010
[Current date]:  20231011
[Current date]:  20231012
[Current date]:  20231013
[Current date]:  20231014
[Current date]:  20231015
[Current date]:  20231016
[Current date]:  20231017
[Current date]:  20231018
[Current date]:  20231019
[Current date]:  20231020
[Current date]:  20231021
[Current date]:  20231022
[Current date]:  20231023
[Current date]:  20231024
[Current date]:  20231025
[Current date]:  20231026
[Current date]:  20231027
[Current date]:  20231028
[Current date]:  20231029
[Current date]:  20231030
[Current date]:  20231031
[Current date]:  20231101
[Current date]:  20231102
[Current date]:  20231103
[Current date]:  20231104
[Current date]:  20231105
[Current date]:  20231106
[Current date]:  20231107
[Current date]:  20231108
[Current date]:  20231109
[Current date]:  20231110
[Current date]:  20231111
[Current date]:  20231112
[Current date]:  20231113
[Current date]:  20231114
[Current date]:  20231115
[Current date]:  20231116
[Current date]:  20231117
[Current date]:  20231118
[Current date]:  20231119
[Current date]:  20231120
[Current date]:  20231121
[Current date]:  20231122
[Current date]:  20231123
[Current date]:  20231124
[Current date]:  20231125
[Current date]:  20231126
[Current date]:  20231127
[Current date]:  20231128
[Current date]:  20231129
[Current date]:  20231130
[Current date]:  20231201
[Current date]:  20231202
[Current date]:  20231203
[Current date]:  20231204
[Current date]:  20231205
[Current date]:  20231206
[Current date]:  20231207
[Current date]:  20231208
[Current date]:  20231209
[Current date]:  20231210
[Current date]:  20231211
[Current date]:  20231212
[Current date]:  20231213
[Current date]:  20231214
[Current date]:  20231215
[Current date]:  20231216
[Current date]:  20231217
[Current date]:  20231218
[Current date]:  20231219
[Current date]:  20231220
[Current date]:  20231221
[Current date]:  20231222
[Current date]:  20231223
[Current date]:  20231224
[Current date]:  20231225
[Current date]:  20231226
[Current date]:  20231227
[Current date]:  20231228
[Current date]:  20231229
[Current date]:  20231230
[Current date]:  20231231
[Current date]:  20240101
[Current date]:  20240102
[Current date]:  20240103
[Current date]:  20240104
[Current date]:  20240105
[Current date]:  20240106
[Current date]:  20240107
[Current date]:  20240108
[Current date]:  20240109
[Current date]:  20240110
[Current date]:  20240111
[Current date]:  20240112
[Current date]:  20240113
[Current date]:  20240114
[Current date]:  20240115
[Current date]:  20240116
[Current date]:  20240117
[Current date]:  20240118
[Current date]:  20240119
[Current date]:  20240120
[Current date]:  20240121
[Current date]:  20240122
[Current date]:  20240123
[Current date]:  20240124
[Current date]:  20240125
[Current date]:  20240126
[Current date]:  20240127
[Current date]:  20240128
[Current date]:  20240129
[Current date]:  20240130
[Current date]:  20240131
[Current date]:  20240201
[Current date]:  20240202
[Current date]:  20240203
[Current date]:  20240204
[Current date]:  20240205
[Current date]:  20240206
[Current date]:  20240207
Loading order info
  before load_order_info 一共占用85.76MB
There are 34 batches to save
	Saving batch 0 from 0 to 5000000
	Saving batch 1 from 5000000 to 10000000
	Saving batch 2 from 10000000 to 15000000
	Saving batch 3 from 15000000 to 20000000
	Saving batch 4 from 20000000 to 25000000
	Saving batch 5 from 25000000 to 30000000
	Saving batch 6 from 30000000 to 35000000
	Saving batch 7 from 35000000 to 40000000
	Saving batch 8 from 40000000 to 45000000
	Saving batch 9 from 45000000 to 50000000
	Saving batch 10 from 50000000 to 55000000
	Saving batch 11 from 55000000 to 60000000
	Saving batch 12 from 60000000 to 65000000
	Saving batch 13 from 65000000 to 70000000
	Saving batch 14 from 70000000 to 75000000
	Saving batch 15 from 75000000 to 80000000
	Saving batch 16 from 80000000 to 85000000
	Saving batch 17 from 85000000 to 90000000
	Saving batch 18 from 90000000 to 95000000
	Saving batch 19 from 95000000 to 100000000
	Saving batch 20 from 100000000 to 105000000
	Saving batch 21 from 105000000 to 110000000
	Saving batch 22 from 110000000 to 115000000
	Saving batch 23 from 115000000 to 120000000
	Saving batch 24 from 120000000 to 125000000
	Saving batch 25 from 125000000 to 130000000
	Saving batch 26 from 130000000 to 135000000
	Saving batch 27 from 135000000 to 140000000
	Saving batch 28 from 140000000 to 145000000
	Saving batch 29 from 145000000 to 150000000
	Saving batch 30 from 150000000 to 155000000
	Saving batch 31 from 155000000 to 160000000
	Saving batch 32 from 160000000 to 165000000
	Saving batch 33 from 165000000 to 166460509
Loading trade info
  before load_trade_info 一共占用103.05MB
There are 29 batches to save
	Saving batch 0 from 0 to 5000000
	Saving batch 1 from 5000000 to 10000000
	Saving batch 2 from 10000000 to 15000000
	Saving batch 3 from 15000000 to 20000000
	Saving batch 4 from 20000000 to 25000000
	Saving batch 5 from 25000000 to 30000000
	Saving batch 6 from 30000000 to 35000000
	Saving batch 7 from 35000000 to 40000000
	Saving batch 8 from 40000000 to 45000000
	Saving batch 9 from 45000000 to 50000000
	Saving batch 10 from 50000000 to 55000000
	Saving batch 11 from 55000000 to 60000000
	Saving batch 12 from 60000000 to 65000000
	Saving batch 13 from 65000000 to 70000000
	Saving batch 14 from 70000000 to 75000000
	Saving batch 15 from 75000000 to 80000000
	Saving batch 16 from 80000000 to 85000000
	Saving batch 17 from 85000000 to 90000000
	Saving batch 18 from 90000000 to 95000000
	Saving batch 19 from 95000000 to 100000000
	Saving batch 20 from 100000000 to 105000000
	Saving batch 21 from 105000000 to 110000000
	Saving batch 22 from 110000000 to 115000000
	Saving batch 23 from 115000000 to 120000000
	Saving batch 24 from 120000000 to 125000000
	Saving batch 25 from 125000000 to 130000000
	Saving batch 26 from 130000000 to 135000000
	Saving batch 27 from 135000000 to 140000000
	Saving batch 28 from 140000000 to 142528958
Loading snap info
  before load_snap_info 一共占用89.55MB
There are 5 batches to save
	Saving batch 0 from 0 to 5000000
	Saving batch 1 from 5000000 to 10000000
	Saving batch 2 from 10000000 to 15000000
	Saving batch 3 from 15000000 to 20000000
	Saving batch 4 from 20000000 to 23135716
[Current date]:  20240208
Loading order info
  before load_order_info 一共占用89.97MB
There are 33 batches to save
	Saving batch 0 from 0 to 5000000
	Saving batch 1 from 5000000 to 10000000
	Saving batch 2 from 10000000 to 15000000
	Saving batch 3 from 15000000 to 20000000
	Saving batch 4 from 20000000 to 25000000
	Saving batch 5 from 25000000 to 30000000
	Saving batch 6 from 30000000 to 35000000
	Saving batch 7 from 35000000 to 40000000
	Saving batch 8 from 40000000 to 45000000
	Saving batch 9 from 45000000 to 50000000
	Saving batch 10 from 50000000 to 55000000
	Saving batch 11 from 55000000 to 60000000
	Saving batch 12 from 60000000 to 65000000
	Saving batch 13 from 65000000 to 70000000
	Saving batch 14 from 70000000 to 75000000
	Saving batch 15 from 75000000 to 80000000
	Saving batch 16 from 80000000 to 85000000
	Saving batch 17 from 85000000 to 90000000
	Saving batch 18 from 90000000 to 95000000
	Saving batch 19 from 95000000 to 100000000
	Saving batch 20 from 100000000 to 105000000
	Saving batch 21 from 105000000 to 110000000
	Saving batch 22 from 110000000 to 115000000
	Saving batch 23 from 115000000 to 120000000
	Saving batch 24 from 120000000 to 125000000
	Saving batch 25 from 125000000 to 130000000
	Saving batch 26 from 130000000 to 135000000
	Saving batch 27 from 135000000 to 140000000
	Saving batch 28 from 140000000 to 145000000
	Saving batch 29 from 145000000 to 150000000
	Saving batch 30 from 150000000 to 155000000
	Saving batch 31 from 155000000 to 160000000
	Saving batch 32 from 160000000 to 161641640
Loading trade info
  before load_trade_info 一共占用90.36MB
There are 28 batches to save
	Saving batch 0 from 0 to 5000000
	Saving batch 1 from 5000000 to 10000000
	Saving batch 2 from 10000000 to 15000000
	Saving batch 3 from 15000000 to 20000000
	Saving batch 4 from 20000000 to 25000000
	Saving batch 5 from 25000000 to 30000000
	Saving batch 6 from 30000000 to 35000000
	Saving batch 7 from 35000000 to 40000000
	Saving batch 8 from 40000000 to 45000000
	Saving batch 9 from 45000000 to 50000000
	Saving batch 10 from 50000000 to 55000000
	Saving batch 11 from 55000000 to 60000000
	Saving batch 12 from 60000000 to 65000000
	Saving batch 13 from 65000000 to 70000000
	Saving batch 14 from 70000000 to 75000000
	Saving batch 15 from 75000000 to 80000000
	Saving batch 16 from 80000000 to 85000000
	Saving batch 17 from 85000000 to 90000000
	Saving batch 18 from 90000000 to 95000000
	Saving batch 19 from 95000000 to 100000000
	Saving batch 20 from 100000000 to 105000000
	Saving batch 21 from 105000000 to 110000000
	Saving batch 22 from 110000000 to 115000000
	Saving batch 23 from 115000000 to 120000000
	Saving batch 24 from 120000000 to 125000000
	Saving batch 25 from 125000000 to 130000000
	Saving batch 26 from 130000000 to 135000000
	Saving batch 27 from 135000000 to 138543352
Loading snap info
  before load_snap_info 一共占用90.95MB
There are 5 batches to save
	Saving batch 0 from 0 to 5000000
	Saving batch 1 from 5000000 to 10000000
	Saving batch 2 from 10000000 to 15000000
	Saving batch 3 from 15000000 to 20000000
	Saving batch 4 from 20000000 to 23507676
[Current date]:  20240209
[Current date]:  20240210
[Current date]:  20240211
[Current date]:  20240212
[Current date]:  20240213
[Current date]:  20240214
[Current date]:  20240215
[Current date]:  20240216
[Current date]:  20240217
[Current date]:  20240218
[Current date]:  20240219
Loading order info
  before load_order_info 一共占用91.30MB
There are 29 batches to save
	Saving batch 0 from 0 to 5000000
	Saving batch 1 from 5000000 to 10000000
	Saving batch 2 from 10000000 to 15000000
	Saving batch 3 from 15000000 to 20000000
	Saving batch 4 from 20000000 to 25000000
	Saving batch 5 from 25000000 to 30000000
	Saving batch 6 from 30000000 to 35000000
	Saving batch 7 from 35000000 to 40000000
	Saving batch 8 from 40000000 to 45000000
	Saving batch 9 from 45000000 to 50000000
	Saving batch 10 from 50000000 to 55000000
	Saving batch 11 from 55000000 to 60000000
	Saving batch 12 from 60000000 to 65000000
	Saving batch 13 from 65000000 to 70000000
	Saving batch 14 from 70000000 to 75000000
	Saving batch 15 from 75000000 to 80000000
	Saving batch 16 from 80000000 to 85000000
	Saving batch 17 from 85000000 to 90000000
	Saving batch 18 from 90000000 to 95000000
	Saving batch 19 from 95000000 to 100000000
	Saving batch 20 from 100000000 to 105000000
	Saving batch 21 from 105000000 to 110000000
	Saving batch 22 from 110000000 to 115000000
	Saving batch 23 from 115000000 to 120000000
	Saving batch 24 from 120000000 to 125000000
	Saving batch 25 from 125000000 to 130000000
	Saving batch 26 from 130000000 to 135000000
	Saving batch 27 from 135000000 to 140000000
	Saving batch 28 from 140000000 to 144765454
Loading trade info
  before load_trade_info 一共占用91.98MB
There are 25 batches to save
	Saving batch 0 from 0 to 5000000
	Saving batch 1 from 5000000 to 10000000
	Saving batch 2 from 10000000 to 15000000
	Saving batch 3 from 15000000 to 20000000
	Saving batch 4 from 20000000 to 25000000
	Saving batch 5 from 25000000 to 30000000
	Saving batch 6 from 30000000 to 35000000
	Saving batch 7 from 35000000 to 40000000
	Saving batch 8 from 40000000 to 45000000
	Saving batch 9 from 45000000 to 50000000
	Saving batch 10 from 50000000 to 55000000
	Saving batch 11 from 55000000 to 60000000
	Saving batch 12 from 60000000 to 65000000
	Saving batch 13 from 65000000 to 70000000
	Saving batch 14 from 70000000 to 75000000
	Saving batch 15 from 75000000 to 80000000
	Saving batch 16 from 80000000 to 85000000
	Saving batch 17 from 85000000 to 90000000
	Saving batch 18 from 90000000 to 95000000
	Saving batch 19 from 95000000 to 100000000
	Saving batch 20 from 100000000 to 105000000
	Saving batch 21 from 105000000 to 110000000
	Saving batch 22 from 110000000 to 115000000
	Saving batch 23 from 115000000 to 120000000
	Saving batch 24 from 120000000 to 123069175
Loading snap info
  before load_snap_info 一共占用92.50MB
There are 5 batches to save
	Saving batch 0 from 0 to 5000000
	Saving batch 1 from 5000000 to 10000000
	Saving batch 2 from 10000000 to 15000000
	Saving batch 3 from 15000000 to 20000000
	Saving batch 4 from 20000000 to 22436510
[Current date]:  20240220
Loading order info
  before load_order_info 一共占用92.65MB
There are 25 batches to save
	Saving batch 0 from 0 to 5000000
	Saving batch 1 from 5000000 to 10000000
	Saving batch 2 from 10000000 to 15000000
	Saving batch 3 from 15000000 to 20000000
	Saving batch 4 from 20000000 to 25000000
	Saving batch 5 from 25000000 to 30000000
	Saving batch 6 from 30000000 to 35000000
	Saving batch 7 from 35000000 to 40000000
	Saving batch 8 from 40000000 to 45000000
	Saving batch 9 from 45000000 to 50000000
	Saving batch 10 from 50000000 to 55000000
	Saving batch 11 from 55000000 to 60000000
	Saving batch 12 from 60000000 to 65000000
	Saving batch 13 from 65000000 to 70000000
	Saving batch 14 from 70000000 to 75000000
	Saving batch 15 from 75000000 to 80000000
	Saving batch 16 from 80000000 to 85000000
	Saving batch 17 from 85000000 to 90000000
	Saving batch 18 from 90000000 to 95000000
	Saving batch 19 from 95000000 to 100000000
	Saving batch 20 from 100000000 to 105000000
	Saving batch 21 from 105000000 to 110000000
	Saving batch 22 from 110000000 to 115000000
	Saving batch 23 from 115000000 to 120000000
	Saving batch 24 from 120000000 to 123012707
Loading trade info
  before load_trade_info 一共占用124.84MB
There are 21 batches to save
	Saving batch 0 from 0 to 5000000
	Saving batch 1 from 5000000 to 10000000
	Saving batch 2 from 10000000 to 15000000
	Saving batch 3 from 15000000 to 20000000
	Saving batch 4 from 20000000 to 25000000
	Saving batch 5 from 25000000 to 30000000
	Saving batch 6 from 30000000 to 35000000
	Saving batch 7 from 35000000 to 40000000
	Saving batch 8 from 40000000 to 45000000
	Saving batch 9 from 45000000 to 50000000
	Saving batch 10 from 50000000 to 55000000
	Saving batch 11 from 55000000 to 60000000
	Saving batch 12 from 60000000 to 65000000
	Saving batch 13 from 65000000 to 70000000
	Saving batch 14 from 70000000 to 75000000
	Saving batch 15 from 75000000 to 80000000
	Saving batch 16 from 80000000 to 85000000
	Saving batch 17 from 85000000 to 90000000
	Saving batch 18 from 90000000 to 95000000
	Saving batch 19 from 95000000 to 100000000
	Saving batch 20 from 100000000 to 100119215
Loading snap info
  before load_snap_info 一共占用99.55MB
There are 5 batches to save
	Saving batch 0 from 0 to 5000000
	Saving batch 1 from 5000000 to 10000000
	Saving batch 2 from 10000000 to 15000000
	Saving batch 3 from 15000000 to 20000000
	Saving batch 4 from 20000000 to 21645593
[Current date]:  20240221
Loading order info
  before load_order_info 一共占用94.12MB
There are 28 batches to save
	Saving batch 0 from 0 to 5000000
	Saving batch 1 from 5000000 to 10000000
	Saving batch 2 from 10000000 to 15000000
	Saving batch 3 from 15000000 to 20000000
	Saving batch 4 from 20000000 to 25000000
	Saving batch 5 from 25000000 to 30000000
	Saving batch 6 from 30000000 to 35000000
	Saving batch 7 from 35000000 to 40000000
	Saving batch 8 from 40000000 to 45000000
	Saving batch 9 from 45000000 to 50000000
	Saving batch 10 from 50000000 to 55000000
	Saving batch 11 from 55000000 to 60000000
	Saving batch 12 from 60000000 to 65000000
	Saving batch 13 from 65000000 to 70000000
	Saving batch 14 from 70000000 to 75000000
	Saving batch 15 from 75000000 to 80000000
	Saving batch 16 from 80000000 to 85000000
	Saving batch 17 from 85000000 to 90000000
	Saving batch 18 from 90000000 to 95000000
	Saving batch 19 from 95000000 to 100000000
	Saving batch 20 from 100000000 to 105000000
	Saving batch 21 from 105000000 to 110000000
	Saving batch 22 from 110000000 to 115000000
	Saving batch 23 from 115000000 to 120000000
	Saving batch 24 from 120000000 to 125000000
	Saving batch 25 from 125000000 to 130000000
	Saving batch 26 from 130000000 to 135000000
	Saving batch 27 from 135000000 to 135995307
Loading trade info
  before load_trade_info 一共占用132.31MB
There are 23 batches to save
	Saving batch 0 from 0 to 5000000
	Saving batch 1 from 5000000 to 10000000
	Saving batch 2 from 10000000 to 15000000
	Saving batch 3 from 15000000 to 20000000
	Saving batch 4 from 20000000 to 25000000
	Saving batch 5 from 25000000 to 30000000
	Saving batch 6 from 30000000 to 35000000
	Saving batch 7 from 35000000 to 40000000
	Saving batch 8 from 40000000 to 45000000
	Saving batch 9 from 45000000 to 50000000
	Saving batch 10 from 50000000 to 55000000
	Saving batch 11 from 55000000 to 60000000
	Saving batch 12 from 60000000 to 65000000
	Saving batch 13 from 65000000 to 70000000
	Saving batch 14 from 70000000 to 75000000
	Saving batch 15 from 75000000 to 80000000
	Saving batch 16 from 80000000 to 85000000
	Saving batch 17 from 85000000 to 90000000
	Saving batch 18 from 90000000 to 95000000
	Saving batch 19 from 95000000 to 100000000
	Saving batch 20 from 100000000 to 105000000
	Saving batch 21 from 105000000 to 110000000
	Saving batch 22 from 110000000 to 111665663
Loading snap info
  before load_snap_info 一共占用94.96MB
There are 5 batches to save
	Saving batch 0 from 0 to 5000000
	Saving batch 1 from 5000000 to 10000000
	Saving batch 2 from 10000000 to 15000000
	Saving batch 3 from 15000000 to 20000000
	Saving batch 4 from 20000000 to 22595989
[Current date]:  20240222
Loading order info
  before load_order_info 一共占用95.32MB
There are 24 batches to save
	Saving batch 0 from 0 to 5000000
	Saving batch 1 from 5000000 to 10000000
	Saving batch 2 from 10000000 to 15000000
	Saving batch 3 from 15000000 to 20000000
	Saving batch 4 from 20000000 to 25000000
	Saving batch 5 from 25000000 to 30000000
	Saving batch 6 from 30000000 to 35000000
	Saving batch 7 from 35000000 to 40000000
	Saving batch 8 from 40000000 to 45000000
	Saving batch 9 from 45000000 to 50000000
	Saving batch 10 from 50000000 to 55000000
	Saving batch 11 from 55000000 to 60000000
	Saving batch 12 from 60000000 to 65000000
	Saving batch 13 from 65000000 to 70000000
	Saving batch 14 from 70000000 to 75000000
	Saving batch 15 from 75000000 to 80000000
	Saving batch 16 from 80000000 to 85000000
	Saving batch 17 from 85000000 to 90000000
	Saving batch 18 from 90000000 to 95000000
	Saving batch 19 from 95000000 to 100000000
	Saving batch 20 from 100000000 to 105000000
	Saving batch 21 from 105000000 to 110000000
	Saving batch 22 from 110000000 to 115000000
	Saving batch 23 from 115000000 to 117584855
Loading trade info
  before load_trade_info 一共占用123.08MB
There are 19 batches to save
	Saving batch 0 from 0 to 5000000
	Saving batch 1 from 5000000 to 10000000
	Saving batch 2 from 10000000 to 15000000
	Saving batch 3 from 15000000 to 20000000
	Saving batch 4 from 20000000 to 25000000
	Saving batch 5 from 25000000 to 30000000
	Saving batch 6 from 30000000 to 35000000
	Saving batch 7 from 35000000 to 40000000
	Saving batch 8 from 40000000 to 45000000
	Saving batch 9 from 45000000 to 50000000
	Saving batch 10 from 50000000 to 55000000
	Saving batch 11 from 55000000 to 60000000
	Saving batch 12 from 60000000 to 65000000
	Saving batch 13 from 65000000 to 70000000
	Saving batch 14 from 70000000 to 75000000
	Saving batch 15 from 75000000 to 80000000
	Saving batch 16 from 80000000 to 85000000
	Saving batch 17 from 85000000 to 90000000
	Saving batch 18 from 90000000 to 94138066
Loading snap info
  before load_snap_info 一共占用96.44MB
There are 5 batches to save
	Saving batch 0 from 0 to 5000000
	Saving batch 1 from 5000000 to 10000000
	Saving batch 2 from 10000000 to 15000000
	Saving batch 3 from 15000000 to 20000000
	Saving batch 4 from 20000000 to 21611997
[Current date]:  20240223
Loading order info
  before load_order_info 一共占用96.82MB
There are 27 batches to save
	Saving batch 0 from 0 to 5000000
	Saving batch 1 from 5000000 to 10000000
	Saving batch 2 from 10000000 to 15000000
	Saving batch 3 from 15000000 to 20000000
	Saving batch 4 from 20000000 to 25000000
	Saving batch 5 from 25000000 to 30000000
	Saving batch 6 from 30000000 to 35000000
	Saving batch 7 from 35000000 to 40000000
	Saving batch 8 from 40000000 to 45000000
	Saving batch 9 from 45000000 to 50000000
	Saving batch 10 from 50000000 to 55000000
	Saving batch 11 from 55000000 to 60000000
	Saving batch 12 from 60000000 to 65000000
	Saving batch 13 from 65000000 to 70000000
	Saving batch 14 from 70000000 to 75000000
	Saving batch 15 from 75000000 to 80000000
	Saving batch 16 from 80000000 to 85000000
	Saving batch 17 from 85000000 to 90000000
	Saving batch 18 from 90000000 to 95000000
	Saving batch 19 from 95000000 to 100000000
	Saving batch 20 from 100000000 to 105000000
	Saving batch 21 from 105000000 to 110000000
	Saving batch 22 from 110000000 to 115000000
	Saving batch 23 from 115000000 to 120000000
	Saving batch 24 from 120000000 to 125000000
	Saving batch 25 from 125000000 to 130000000
	Saving batch 26 from 130000000 to 131660107
Loading trade info
  before load_trade_info 一共占用97.45MB
There are 22 batches to save
	Saving batch 0 from 0 to 5000000
	Saving batch 1 from 5000000 to 10000000
	Saving batch 2 from 10000000 to 15000000
	Saving batch 3 from 15000000 to 20000000
	Saving batch 4 from 20000000 to 25000000
	Saving batch 5 from 25000000 to 30000000
	Saving batch 6 from 30000000 to 35000000
	Saving batch 7 from 35000000 to 40000000
	Saving batch 8 from 40000000 to 45000000
	Saving batch 9 from 45000000 to 50000000
	Saving batch 10 from 50000000 to 55000000
	Saving batch 11 from 55000000 to 60000000
	Saving batch 12 from 60000000 to 65000000
	Saving batch 13 from 65000000 to 70000000
	Saving batch 14 from 70000000 to 75000000
	Saving batch 15 from 75000000 to 80000000
	Saving batch 16 from 80000000 to 85000000
	Saving batch 17 from 85000000 to 90000000
	Saving batch 18 from 90000000 to 95000000
	Saving batch 19 from 95000000 to 100000000
	Saving batch 20 from 100000000 to 105000000
	Saving batch 21 from 105000000 to 107047643
Loading snap info
  before load_snap_info 一共占用97.90MB
There are 5 batches to save
	Saving batch 0 from 0 to 5000000
	Saving batch 1 from 5000000 to 10000000
	Saving batch 2 from 10000000 to 15000000
	Saving batch 3 from 15000000 to 20000000
	Saving batch 4 from 20000000 to 22270231
[Current date]:  20240224
[Current date]:  20240225
[Current date]:  20240226
Loading order info
  before load_order_info 一共占用98.14MB
There are 28 batches to save
	Saving batch 0 from 0 to 5000000
	Saving batch 1 from 5000000 to 10000000
	Saving batch 2 from 10000000 to 15000000
	Saving batch 3 from 15000000 to 20000000
	Saving batch 4 from 20000000 to 25000000
	Saving batch 5 from 25000000 to 30000000
	Saving batch 6 from 30000000 to 35000000
	Saving batch 7 from 35000000 to 40000000
	Saving batch 8 from 40000000 to 45000000
	Saving batch 9 from 45000000 to 50000000
	Saving batch 10 from 50000000 to 55000000
	Saving batch 11 from 55000000 to 60000000
	Saving batch 12 from 60000000 to 65000000
	Saving batch 13 from 65000000 to 70000000
	Saving batch 14 from 70000000 to 75000000
	Saving batch 15 from 75000000 to 80000000
	Saving batch 16 from 80000000 to 85000000
	Saving batch 17 from 85000000 to 90000000
	Saving batch 18 from 90000000 to 95000000
	Saving batch 19 from 95000000 to 100000000
	Saving batch 20 from 100000000 to 105000000
	Saving batch 21 from 105000000 to 110000000
	Saving batch 22 from 110000000 to 115000000
	Saving batch 23 from 115000000 to 120000000
	Saving batch 24 from 120000000 to 125000000
	Saving batch 25 from 125000000 to 130000000
	Saving batch 26 from 130000000 to 135000000
	Saving batch 27 from 135000000 to 138919798
Loading trade info
  before load_trade_info 一共占用139.71MB
There are 23 batches to save
	Saving batch 0 from 0 to 5000000
	Saving batch 1 from 5000000 to 10000000
	Saving batch 2 from 10000000 to 15000000
	Saving batch 3 from 15000000 to 20000000
	Saving batch 4 from 20000000 to 25000000
	Saving batch 5 from 25000000 to 30000000
	Saving batch 6 from 30000000 to 35000000
	Saving batch 7 from 35000000 to 40000000
	Saving batch 8 from 40000000 to 45000000
	Saving batch 9 from 45000000 to 50000000
	Saving batch 10 from 50000000 to 55000000
	Saving batch 11 from 55000000 to 60000000
	Saving batch 12 from 60000000 to 65000000
	Saving batch 13 from 65000000 to 70000000
	Saving batch 14 from 70000000 to 75000000
	Saving batch 15 from 75000000 to 80000000
	Saving batch 16 from 80000000 to 85000000
	Saving batch 17 from 85000000 to 90000000
	Saving batch 18 from 90000000 to 95000000
	Saving batch 19 from 95000000 to 100000000
	Saving batch 20 from 100000000 to 105000000
	Saving batch 21 from 105000000 to 110000000
	Saving batch 22 from 110000000 to 114975859
Loading snap info
  before load_snap_info 一共占用99.24MB
There are 5 batches to save
	Saving batch 0 from 0 to 5000000
	Saving batch 1 from 5000000 to 10000000
	Saving batch 2 from 10000000 to 15000000
	Saving batch 3 from 15000000 to 20000000
	Saving batch 4 from 20000000 to 22841756
[Current date]:  20240227
Loading order info
  before load_order_info 一共占用99.59MB
There are 27 batches to save
	Saving batch 0 from 0 to 5000000
	Saving batch 1 from 5000000 to 10000000
	Saving batch 2 from 10000000 to 15000000
	Saving batch 3 from 15000000 to 20000000
	Saving batch 4 from 20000000 to 25000000
	Saving batch 5 from 25000000 to 30000000
	Saving batch 6 from 30000000 to 35000000
	Saving batch 7 from 35000000 to 40000000
	Saving batch 8 from 40000000 to 45000000
	Saving batch 9 from 45000000 to 50000000
	Saving batch 10 from 50000000 to 55000000
	Saving batch 11 from 55000000 to 60000000
	Saving batch 12 from 60000000 to 65000000
	Saving batch 13 from 65000000 to 70000000
	Saving batch 14 from 70000000 to 75000000
	Saving batch 15 from 75000000 to 80000000
	Saving batch 16 from 80000000 to 85000000
	Saving batch 17 from 85000000 to 90000000
	Saving batch 18 from 90000000 to 95000000
	Saving batch 19 from 95000000 to 100000000
	Saving batch 20 from 100000000 to 105000000
	Saving batch 21 from 105000000 to 110000000
	Saving batch 22 from 110000000 to 115000000
	Saving batch 23 from 115000000 to 120000000
	Saving batch 24 from 120000000 to 125000000
	Saving batch 25 from 125000000 to 130000000
	Saving batch 26 from 130000000 to 134554449
Loading trade info
  before load_trade_info 一共占用99.94MB
There are 23 batches to save
	Saving batch 0 from 0 to 5000000
	Saving batch 1 from 5000000 to 10000000
	Saving batch 2 from 10000000 to 15000000
	Saving batch 3 from 15000000 to 20000000
	Saving batch 4 from 20000000 to 25000000
	Saving batch 5 from 25000000 to 30000000
	Saving batch 6 from 30000000 to 35000000
	Saving batch 7 from 35000000 to 40000000
	Saving batch 8 from 40000000 to 45000000
	Saving batch 9 from 45000000 to 50000000
	Saving batch 10 from 50000000 to 55000000
	Saving batch 11 from 55000000 to 60000000
	Saving batch 12 from 60000000 to 65000000
	Saving batch 13 from 65000000 to 70000000
	Saving batch 14 from 70000000 to 75000000
	Saving batch 15 from 75000000 to 80000000
	Saving batch 16 from 80000000 to 85000000
	Saving batch 17 from 85000000 to 90000000
	Saving batch 18 from 90000000 to 95000000
	Saving batch 19 from 95000000 to 100000000
	Saving batch 20 from 100000000 to 105000000
	Saving batch 21 from 105000000 to 110000000
	Saving batch 22 from 110000000 to 110314708
Loading snap info
  before load_snap_info 一共占用119.58MB
There are 5 batches to save
	Saving batch 0 from 0 to 5000000
	Saving batch 1 from 5000000 to 10000000
	Saving batch 2 from 10000000 to 15000000
	Saving batch 3 from 15000000 to 20000000
	Saving batch 4 from 20000000 to 22360693
[Current date]:  20240228
Loading order info
  before load_order_info 一共占用100.78MB
There are 36 batches to save
	Saving batch 0 from 0 to 5000000
	Saving batch 1 from 5000000 to 10000000
	Saving batch 2 from 10000000 to 15000000
	Saving batch 3 from 15000000 to 20000000
	Saving batch 4 from 20000000 to 25000000
	Saving batch 5 from 25000000 to 30000000
	Saving batch 6 from 30000000 to 35000000
	Saving batch 7 from 35000000 to 40000000
	Saving batch 8 from 40000000 to 45000000
	Saving batch 9 from 45000000 to 50000000
	Saving batch 10 from 50000000 to 55000000
	Saving batch 11 from 55000000 to 60000000
	Saving batch 12 from 60000000 to 65000000
	Saving batch 13 from 65000000 to 70000000
	Saving batch 14 from 70000000 to 75000000
	Saving batch 15 from 75000000 to 80000000
	Saving batch 16 from 80000000 to 85000000
	Saving batch 17 from 85000000 to 90000000
	Saving batch 18 from 90000000 to 95000000
	Saving batch 19 from 95000000 to 100000000
	Saving batch 20 from 100000000 to 105000000
	Saving batch 21 from 105000000 to 110000000
	Saving batch 22 from 110000000 to 115000000
	Saving batch 23 from 115000000 to 120000000
	Saving batch 24 from 120000000 to 125000000
	Saving batch 25 from 125000000 to 130000000
	Saving batch 26 from 130000000 to 135000000
	Saving batch 27 from 135000000 to 140000000
	Saving batch 28 from 140000000 to 145000000
	Saving batch 29 from 145000000 to 150000000
	Saving batch 30 from 150000000 to 155000000
	Saving batch 31 from 155000000 to 160000000
	Saving batch 32 from 160000000 to 165000000
	Saving batch 33 from 165000000 to 170000000
	Saving batch 34 from 170000000 to 175000000
	Saving batch 35 from 175000000 to 176764627
Loading trade info
  before load_trade_info 一共占用101.40MB
There are 30 batches to save
	Saving batch 0 from 0 to 5000000
	Saving batch 1 from 5000000 to 10000000
	Saving batch 2 from 10000000 to 15000000
	Saving batch 3 from 15000000 to 20000000
	Saving batch 4 from 20000000 to 25000000
	Saving batch 5 from 25000000 to 30000000
	Saving batch 6 from 30000000 to 35000000
	Saving batch 7 from 35000000 to 40000000
	Saving batch 8 from 40000000 to 45000000
	Saving batch 9 from 45000000 to 50000000
	Saving batch 10 from 50000000 to 55000000
	Saving batch 11 from 55000000 to 60000000
	Saving batch 12 from 60000000 to 65000000
	Saving batch 13 from 65000000 to 70000000
	Saving batch 14 from 70000000 to 75000000
	Saving batch 15 from 75000000 to 80000000
	Saving batch 16 from 80000000 to 85000000
	Saving batch 17 from 85000000 to 90000000
	Saving batch 18 from 90000000 to 95000000
	Saving batch 19 from 95000000 to 100000000
	Saving batch 20 from 100000000 to 105000000
	Saving batch 21 from 105000000 to 110000000
	Saving batch 22 from 110000000 to 115000000
	Saving batch 23 from 115000000 to 120000000
	Saving batch 24 from 120000000 to 125000000
	Saving batch 25 from 125000000 to 130000000
	Saving batch 26 from 130000000 to 135000000
	Saving batch 27 from 135000000 to 140000000
	Saving batch 28 from 140000000 to 145000000
	Saving batch 29 from 145000000 to 148852892
Loading snap info
  before load_snap_info 一共占用101.79MB
There are 5 batches to save
	Saving batch 0 from 0 to 5000000
	Saving batch 1 from 5000000 to 10000000
	Saving batch 2 from 10000000 to 15000000
	Saving batch 3 from 15000000 to 20000000
	Saving batch 4 from 20000000 to 23927453
Finished!
